mode: atomic
github.com/gardener/controller-manager-library/pkg/config/default.go:54.65,65.2 3 14
github.com/gardener/controller-manager-library/pkg/config/default.go:67.63,69.2 1 4
github.com/gardener/controller-manager-library/pkg/config/default.go:71.45,72.21 1 2
github.com/gardener/controller-manager-library/pkg/config/default.go:75.2,75.20 1 2
github.com/gardener/controller-manager-library/pkg/config/default.go:72.21,74.3 1 0
github.com/gardener/controller-manager-library/pkg/config/default.go:78.47,80.2 1 0
github.com/gardener/controller-manager-library/pkg/config/default.go:82.71,84.2 1 44
github.com/gardener/controller-manager-library/pkg/config/default.go:86.66,87.39 1 0
github.com/gardener/controller-manager-library/pkg/config/default.go:92.2,92.12 1 0
github.com/gardener/controller-manager-library/pkg/config/default.go:87.39,88.15 1 0
github.com/gardener/controller-manager-library/pkg/config/default.go:88.15,90.4 1 0
github.com/gardener/controller-manager-library/pkg/config/default.go:95.61,96.42 1 1
github.com/gardener/controller-manager-library/pkg/config/default.go:96.42,97.12 1 14
github.com/gardener/controller-manager-library/pkg/config/default.go:97.12,99.4 1 0
github.com/gardener/controller-manager-library/pkg/config/default.go:103.87,104.39 1 0
github.com/gardener/controller-manager-library/pkg/config/default.go:104.39,105.15 1 0
github.com/gardener/controller-manager-library/pkg/config/default.go:105.15,107.4 1 0
github.com/gardener/controller-manager-library/pkg/config/default.go:111.42,112.20 1 48
github.com/gardener/controller-manager-library/pkg/config/default.go:112.20,113.40 1 0
github.com/gardener/controller-manager-library/pkg/config/default.go:117.71,122.42 4 4
github.com/gardener/controller-manager-library/pkg/config/default.go:125.2,125.39 1 4
github.com/gardener/controller-manager-library/pkg/config/default.go:130.2,130.31 1 4
github.com/gardener/controller-manager-library/pkg/config/default.go:122.42,123.58 1 0
github.com/gardener/controller-manager-library/pkg/config/default.go:125.39,126.15 1 3
github.com/gardener/controller-manager-library/pkg/config/default.go:126.15,127.74 1 0
github.com/gardener/controller-manager-library/pkg/config/default.go:133.161,134.17 1 44
github.com/gardener/controller-manager-library/pkg/config/default.go:137.2,137.20 1 44
github.com/gardener/controller-manager-library/pkg/config/default.go:140.2,149.17 3 44
github.com/gardener/controller-manager-library/pkg/config/default.go:134.17,136.3 1 9
github.com/gardener/controller-manager-library/pkg/config/default.go:137.20,139.3 1 8
github.com/gardener/controller-manager-library/pkg/config/default.go:152.115,162.22 7 9
github.com/gardener/controller-manager-library/pkg/config/default.go:172.2,172.87 1 9
github.com/gardener/controller-manager-library/pkg/config/default.go:162.22,167.17 5 8
github.com/gardener/controller-manager-library/pkg/config/default.go:170.3,170.15 1 8
github.com/gardener/controller-manager-library/pkg/config/default.go:167.17,169.4 1 8
github.com/gardener/controller-manager-library/pkg/config/default.go:175.141,181.16 5 35
github.com/gardener/controller-manager-library/pkg/config/default.go:184.2,184.27 1 35
github.com/gardener/controller-manager-library/pkg/config/default.go:187.2,188.65 2 35
github.com/gardener/controller-manager-library/pkg/config/default.go:181.16,182.76 1 0
github.com/gardener/controller-manager-library/pkg/config/default.go:184.27,186.3 1 4
github.com/gardener/controller-manager-library/pkg/config/default.go:191.62,196.42 4 3
github.com/gardener/controller-manager-library/pkg/config/default.go:196.42,198.3 1 3
github.com/gardener/controller-manager-library/pkg/config/default.go:201.94,205.23 4 9
github.com/gardener/controller-manager-library/pkg/config/default.go:209.2,209.44 1 9
github.com/gardener/controller-manager-library/pkg/config/default.go:205.23,208.3 2 8
github.com/gardener/controller-manager-library/pkg/config/default.go:212.64,217.42 4 7
github.com/gardener/controller-manager-library/pkg/config/default.go:217.42,220.24 3 34
github.com/gardener/controller-manager-library/pkg/config/default.go:220.24,223.4 2 0
github.com/gardener/controller-manager-library/pkg/config/default.go:223.9,225.4 1 34
github.com/gardener/controller-manager-library/pkg/config/default.go:229.42,233.2 3 14
github.com/gardener/controller-manager-library/pkg/config/default.go:235.42,236.21 1 14
github.com/gardener/controller-manager-library/pkg/config/default.go:236.21,237.45 1 14
github.com/gardener/controller-manager-library/pkg/config/default.go:242.3,242.24 1 14
github.com/gardener/controller-manager-library/pkg/config/default.go:237.45,240.4 1 4
github.com/gardener/controller-manager-library/pkg/config/default.go:246.48,249.2 2 14
github.com/gardener/controller-manager-library/pkg/config/default.go:251.45,254.47 3 14
github.com/gardener/controller-manager-library/pkg/config/default.go:254.47,257.3 2 8
github.com/gardener/controller-manager-library/pkg/config/default.go:260.50,264.44 3 14
github.com/gardener/controller-manager-library/pkg/config/default.go:274.2,274.12 1 14
github.com/gardener/controller-manager-library/pkg/config/default.go:264.44,266.44 1 4
github.com/gardener/controller-manager-library/pkg/config/default.go:266.44,269.18 2 4
github.com/gardener/controller-manager-library/pkg/config/default.go:269.18,271.5 1 0
github.com/gardener/controller-manager-library/pkg/config/default.go:277.64,279.2 1 0
github.com/gardener/controller-manager-library/pkg/config/generic.go:33.45,35.2 1 1
github.com/gardener/controller-manager-library/pkg/config/generic.go:38.49,40.2 1 1
github.com/gardener/controller-manager-library/pkg/config/generic.go:45.47,47.2 1 1
github.com/gardener/controller-manager-library/pkg/config/generic.go:53.55,55.2 1 1
github.com/gardener/controller-manager-library/pkg/config/generic.go:83.96,90.2 1 1
github.com/gardener/controller-manager-library/pkg/config/generic.go:92.48,93.21 1 1
github.com/gardener/controller-manager-library/pkg/config/generic.go:96.2,96.20 1 0
github.com/gardener/controller-manager-library/pkg/config/generic.go:93.21,95.3 1 1
github.com/gardener/controller-manager-library/pkg/config/generic.go:99.50,101.2 1 0
github.com/gardener/controller-manager-library/pkg/config/generic.go:103.74,104.39 1 0
github.com/gardener/controller-manager-library/pkg/config/generic.go:107.2,107.12 1 0
github.com/gardener/controller-manager-library/pkg/config/generic.go:104.39,106.3 1 0
github.com/gardener/controller-manager-library/pkg/config/generic.go:110.64,111.33 1 0
github.com/gardener/controller-manager-library/pkg/config/generic.go:111.33,112.25 1 0
github.com/gardener/controller-manager-library/pkg/config/generic.go:112.25,114.4 1 0
github.com/gardener/controller-manager-library/pkg/config/generic.go:118.70,119.14 1 0
github.com/gardener/controller-manager-library/pkg/config/generic.go:129.2,129.12 1 0
github.com/gardener/controller-manager-library/pkg/config/generic.go:120.27,121.19 1 0
github.com/gardener/controller-manager-library/pkg/config/generic.go:122.29,123.21 1 0
github.com/gardener/controller-manager-library/pkg/config/generic.go:124.31,125.19 1 0
github.com/gardener/controller-manager-library/pkg/config/generic.go:126.37,127.29 1 0
github.com/gardener/controller-manager-library/pkg/config/generic.go:132.72,133.37 1 4
github.com/gardener/controller-manager-library/pkg/config/generic.go:136.2,136.26 1 4
github.com/gardener/controller-manager-library/pkg/config/generic.go:133.37,134.98 1 0
github.com/gardener/controller-manager-library/pkg/config/generic.go:139.85,143.15 3 5
github.com/gardener/controller-manager-library/pkg/config/generic.go:150.2,150.11 1 5
github.com/gardener/controller-manager-library/pkg/config/generic.go:143.15,144.21 1 4
github.com/gardener/controller-manager-library/pkg/config/generic.go:147.3,148.50 2 4
github.com/gardener/controller-manager-library/pkg/config/generic.go:144.21,146.4 1 0
github.com/gardener/controller-manager-library/pkg/config/generic.go:153.51,154.50 1 1
github.com/gardener/controller-manager-library/pkg/config/generic.go:154.50,156.3 1 1
github.com/gardener/controller-manager-library/pkg/config/generic.go:159.55,160.54 1 1
github.com/gardener/controller-manager-library/pkg/config/generic.go:160.54,162.3 1 1
github.com/gardener/controller-manager-library/pkg/config/generic.go:165.53,166.52 1 1
github.com/gardener/controller-manager-library/pkg/config/generic.go:166.52,168.3 1 1
github.com/gardener/controller-manager-library/pkg/config/generic.go:171.61,172.60 1 2
github.com/gardener/controller-manager-library/pkg/config/generic.go:172.60,174.3 1 1
github.com/gardener/controller-manager-library/pkg/config/generic.go:177.82,178.44 1 0
github.com/gardener/controller-manager-library/pkg/config/generic.go:178.44,179.26 1 0
github.com/gardener/controller-manager-library/pkg/config/generic.go:182.3,182.13 1 0
github.com/gardener/controller-manager-library/pkg/config/generic.go:179.26,181.4 1 0
github.com/gardener/controller-manager-library/pkg/config/generic.go:186.82,187.22 1 2
github.com/gardener/controller-manager-library/pkg/config/generic.go:192.2,192.26 1 2
github.com/gardener/controller-manager-library/pkg/config/generic.go:197.2,197.24 1 2
github.com/gardener/controller-manager-library/pkg/config/generic.go:202.2,202.32 1 2
github.com/gardener/controller-manager-library/pkg/config/generic.go:207.2,207.12 1 2
github.com/gardener/controller-manager-library/pkg/config/generic.go:187.22,188.34 1 2
github.com/gardener/controller-manager-library/pkg/config/generic.go:188.34,190.4 1 0
github.com/gardener/controller-manager-library/pkg/config/generic.go:192.26,193.38 1 2
github.com/gardener/controller-manager-library/pkg/config/generic.go:193.38,195.4 1 0
github.com/gardener/controller-manager-library/pkg/config/generic.go:197.24,198.36 1 2
github.com/gardener/controller-manager-library/pkg/config/generic.go:198.36,200.4 1 0
github.com/gardener/controller-manager-library/pkg/config/generic.go:202.32,203.44 1 2
github.com/gardener/controller-manager-library/pkg/config/generic.go:203.44,205.4 1 0
github.com/gardener/controller-manager-library/pkg/config/generic.go:210.45,213.20 3 0
github.com/gardener/controller-manager-library/pkg/config/generic.go:213.20,214.40 1 0
github.com/gardener/controller-manager-library/pkg/config/generic.go:218.65,219.48 1 1
github.com/gardener/controller-manager-library/pkg/config/generic.go:219.48,219.92 2 4
github.com/gardener/controller-manager-library/pkg/config/generic.go:222.45,226.21 3 0
github.com/gardener/controller-manager-library/pkg/config/generic.go:226.21,227.49 1 0
github.com/gardener/controller-manager-library/pkg/config/generic.go:228.3,228.24 1 0
github.com/gardener/controller-manager-library/pkg/config/generic.go:227.49,227.83 2 0
github.com/gardener/controller-manager-library/pkg/config/generic.go:232.51,233.55 1 1
github.com/gardener/controller-manager-library/pkg/config/generic.go:234.2,234.16 1 1
github.com/gardener/controller-manager-library/pkg/config/generic.go:237.2,237.12 1 1
github.com/gardener/controller-manager-library/pkg/config/generic.go:233.55,233.89 2 4
github.com/gardener/controller-manager-library/pkg/config/generic.go:234.16,236.3 1 0
github.com/gardener/controller-manager-library/pkg/config/generic.go:242.161,244.2 1 4
github.com/gardener/controller-manager-library/pkg/config/generic.go:246.136,248.2 1 4
github.com/gardener/controller-manager-library/pkg/config/generic.go:249.147,251.2 1 0
github.com/gardener/controller-manager-library/pkg/config/generic.go:252.124,254.2 1 0
github.com/gardener/controller-manager-library/pkg/config/generic.go:255.128,257.2 1 0
github.com/gardener/controller-manager-library/pkg/config/generic.go:258.128,260.2 1 0
github.com/gardener/controller-manager-library/pkg/config/generic.go:261.159,263.2 1 0
github.com/gardener/controller-manager-library/pkg/config/interface.go:131.43,131.55 1 4
github.com/gardener/controller-manager-library/pkg/config/interface.go:137.110,139.2 1 7
github.com/gardener/controller-manager-library/pkg/config/interface.go:140.121,142.2 1 4
github.com/gardener/controller-manager-library/pkg/config/interface.go:143.98,145.2 1 7
github.com/gardener/controller-manager-library/pkg/config/interface.go:146.102,148.2 1 2
github.com/gardener/controller-manager-library/pkg/config/interface.go:149.102,151.2 1 4
github.com/gardener/controller-manager-library/pkg/config/interface.go:152.133,154.2 1 2
github.com/gardener/controller-manager-library/pkg/config/interface.go:155.135,157.2 1 0
github.com/gardener/controller-manager-library/pkg/config/option.go:39.63,42.2 2 0
github.com/gardener/controller-manager-library/pkg/config/option.go:44.45,46.2 1 31
github.com/gardener/controller-manager-library/pkg/config/option.go:48.50,50.2 1 14
github.com/gardener/controller-manager-library/pkg/config/option.go:52.45,54.2 1 2
github.com/gardener/controller-manager-library/pkg/config/option.go:56.45,58.2 1 2
github.com/gardener/controller-manager-library/pkg/config/option.go:60.49,62.2 1 19
github.com/gardener/controller-manager-library/pkg/config/option.go:64.51,67.2 2 7
github.com/gardener/controller-manager-library/pkg/config/option.go:68.53,71.2 2 4
github.com/gardener/controller-manager-library/pkg/config/option.go:72.45,75.2 2 3
github.com/gardener/controller-manager-library/pkg/config/option.go:76.47,79.2 2 2
github.com/gardener/controller-manager-library/pkg/config/option.go:80.47,83.2 2 4
github.com/gardener/controller-manager-library/pkg/config/option.go:84.60,87.2 2 2
github.com/gardener/controller-manager-library/pkg/config/print.go:25.55,27.2 1 0
github.com/gardener/controller-manager-library/pkg/config/print.go:29.59,31.36 2 0
github.com/gardener/controller-manager-library/pkg/config/print.go:37.2,37.57 1 0
github.com/gardener/controller-manager-library/pkg/config/print.go:31.36,32.50 1 0
github.com/gardener/controller-manager-library/pkg/config/print.go:32.50,35.4 2 0
github.com/gardener/controller-manager-library/pkg/config/print.go:37.57,38.43 1 0
github.com/gardener/controller-manager-library/pkg/config/print.go:41.3,41.14 1 0
github.com/gardener/controller-manager-library/pkg/config/print.go:38.43,40.4 1 0
github.com/gardener/controller-manager-library/pkg/config/shared.go:34.88,35.23 1 4
github.com/gardener/controller-manager-library/pkg/config/shared.go:38.2,43.10 2 4
github.com/gardener/controller-manager-library/pkg/config/shared.go:35.23,37.3 1 3
github.com/gardener/controller-manager-library/pkg/config/shared.go:46.51,50.2 3 0
github.com/gardener/controller-manager-library/pkg/config/shared.go:52.61,58.45 5 4
github.com/gardener/controller-manager-library/pkg/config/shared.go:58.45,60.36 2 7
github.com/gardener/controller-manager-library/pkg/config/shared.go:63.3,63.16 1 7
github.com/gardener/controller-manager-library/pkg/config/shared.go:60.36,62.4 1 6
github.com/gardener/controller-manager-library/pkg/config/shared.go:63.16,64.46 1 7
github.com/gardener/controller-manager-library/pkg/config/shared.go:64.46,65.27 1 2
github.com/gardener/controller-manager-library/pkg/config/shared.go:65.27,66.86 1 0
github.com/gardener/controller-manager-library/pkg/config/shared.go:68.10,70.5 1 5
github.com/gardener/controller-manager-library/pkg/config/shared.go:75.43,80.45 3 4
github.com/gardener/controller-manager-library/pkg/config/shared.go:80.45,81.43 1 7
github.com/gardener/controller-manager-library/pkg/config/shared.go:81.43,84.24 2 6
github.com/gardener/controller-manager-library/pkg/config/shared.go:84.24,89.5 3 1
github.com/gardener/controller-manager-library/pkg/config/shared.go:94.47,97.2 2 4
github.com/gardener/controller-manager-library/pkg/config/types.go:31.144,33.2 1 6
github.com/gardener/controller-manager-library/pkg/config/types.go:39.136,41.2 1 35
github.com/gardener/controller-manager-library/pkg/config/types.go:52.124,53.16 1 13
github.com/gardener/controller-manager-library/pkg/config/types.go:56.2,56.26 1 13
github.com/gardener/controller-manager-library/pkg/config/types.go:60.2,60.55 1 9
github.com/gardener/controller-manager-library/pkg/config/types.go:53.16,55.3 1 2
github.com/gardener/controller-manager-library/pkg/config/types.go:56.26,59.3 2 4
github.com/gardener/controller-manager-library/pkg/config/types.go:63.129,64.16 1 4
github.com/gardener/controller-manager-library/pkg/config/types.go:67.2,67.26 1 4
github.com/gardener/controller-manager-library/pkg/config/types.go:71.2,71.62 1 4
github.com/gardener/controller-manager-library/pkg/config/types.go:64.16,66.3 1 0
github.com/gardener/controller-manager-library/pkg/config/types.go:67.26,70.3 2 0
github.com/gardener/controller-manager-library/pkg/config/types.go:74.121,75.16 1 10
github.com/gardener/controller-manager-library/pkg/config/types.go:78.2,78.26 1 10
github.com/gardener/controller-manager-library/pkg/config/types.go:82.2,82.49 1 10
github.com/gardener/controller-manager-library/pkg/config/types.go:75.16,77.3 1 3
github.com/gardener/controller-manager-library/pkg/config/types.go:78.26,81.3 2 0
github.com/gardener/controller-manager-library/pkg/config/types.go:85.122,86.16 1 2
github.com/gardener/controller-manager-library/pkg/config/types.go:89.2,89.26 1 2
github.com/gardener/controller-manager-library/pkg/config/types.go:93.2,93.51 1 2
github.com/gardener/controller-manager-library/pkg/config/types.go:86.16,88.3 1 0
github.com/gardener/controller-manager-library/pkg/config/types.go:89.26,92.3 2 0
github.com/gardener/controller-manager-library/pkg/config/types.go:96.122,97.16 1 4
github.com/gardener/controller-manager-library/pkg/config/types.go:100.2,100.26 1 4
github.com/gardener/controller-manager-library/pkg/config/types.go:104.2,104.51 1 4
github.com/gardener/controller-manager-library/pkg/config/types.go:97.16,99.3 1 0
github.com/gardener/controller-manager-library/pkg/config/types.go:100.26,103.3 2 0
github.com/gardener/controller-manager-library/pkg/config/types.go:107.126,108.16 1 2
github.com/gardener/controller-manager-library/pkg/config/types.go:111.2,111.26 1 2
github.com/gardener/controller-manager-library/pkg/config/types.go:115.2,115.64 1 2
github.com/gardener/controller-manager-library/pkg/config/types.go:108.16,110.3 1 0
github.com/gardener/controller-manager-library/pkg/config/types.go:111.26,114.3 2 0
